<?xml version="1.0" encoding="UTF-8"?>
<testsuite xmlns:xsi="http://www.w3.org/2001/XMLSchema-instance" xsi:noNamespaceSchemaLocation="https://maven.apache.org/surefire/maven-surefire-plugin/xsd/surefire-test-report.xsd" name="com.ale.AppTest" time="0.013" tests="1" errors="0" skipped="0" failures="0">
  <properties>
    <property name="sun.desktop" value="windows"/>
    <property name="awt.toolkit" value="sun.awt.windows.WToolkit"/>
    <property name="file.encoding.pkg" value="sun.io"/>
    <property name="java.specification.version" value="1.8"/>
    <property name="sun.cpu.isalist" value="pentium_pro+mmx pentium_pro pentium+mmx pentium i486 i386 i86"/>
    <property name="sun.jnu.encoding" value="GBK"/>
    <property name="java.class.path" value="D:\maven_test\javase_test05\target\test-classes;D:\maven_test\javase_test05\target\classes;D:\maven_repository\junit\junit\4.11\junit-4.11.jar;D:\maven_repository\org\hamcrest\hamcrest-core\1.3\hamcrest-core-1.3.jar;"/>
    <property name="java.vm.vendor" value="Oracle Corporation"/>
    <property name="sun.arch.data.model" value="32"/>
    <property name="user.variant" value=""/>
    <property name="java.vendor.url" value="http://java.oracle.com/"/>
    <property name="user.timezone" value="Asia/Shanghai"/>
    <property name="java.vm.specification.version" value="1.8"/>
    <property name="os.name" value="Windows 10"/>
    <property name="user.country" value="CN"/>
    <property name="sun.java.launcher" value="SUN_STANDARD"/>
    <property name="sun.boot.library.path" value="C:\Program Files (x86)\Java\jdk1.8.0_122\jre\bin"/>
    <property name="sun.java.command" value="C:\Users\Terry\AppData\Local\Temp\surefire6432491347035767293\surefirebooter2616588172070517418.jar C:\Users\Terry\AppData\Local\Temp\surefire6432491347035767293 2022-01-11T16-06-50_756-jvmRun1 surefire6147383594030807028tmp surefire_02805949996091214392tmp"/>
    <property name="surefire.test.class.path" value="D:\maven_test\javase_test05\target\test-classes;D:\maven_test\javase_test05\target\classes;D:\maven_repository\junit\junit\4.11\junit-4.11.jar;D:\maven_repository\org\hamcrest\hamcrest-core\1.3\hamcrest-core-1.3.jar;"/>
    <property name="sun.cpu.endian" value="little"/>
    <property name="user.home" value="C:\Users\Terry"/>
    <property name="user.language" value="zh"/>
    <property name="java.specification.vendor" value="Oracle Corporation"/>
    <property name="java.home" value="C:\Program Files (x86)\Java\jdk1.8.0_122\jre"/>
    <property name="basedir" value="D:\maven_test\javase_test05"/>
    <property name="file.separator" value="\"/>
    <property name="line.separator" value="&#10;"/>
    <property name="java.vm.specification.vendor" value="Oracle Corporation"/>
    <property name="java.specification.name" value="Java Platform API Specification"/>
    <property name="java.awt.graphicsenv" value="sun.awt.Win32GraphicsEnvironment"/>
    <property name="surefire.real.class.path" value="C:\Users\Terry\AppData\Local\Temp\surefire6432491347035767293\surefirebooter2616588172070517418.jar"/>
    <property name="sun.boot.class.path" value="C:\Program Files (x86)\Java\jdk1.8.0_122\jre\lib\resources.jar;C:\Program Files (x86)\Java\jdk1.8.0_122\jre\lib\rt.jar;C:\Program Files (x86)\Java\jdk1.8.0_122\jre\lib\sunrsasign.jar;C:\Program Files (x86)\Java\jdk1.8.0_122\jre\lib\jsse.jar;C:\Program Files (x86)\Java\jdk1.8.0_122\jre\lib\jce.jar;C:\Program Files (x86)\Java\jdk1.8.0_122\jre\lib\charsets.jar;C:\Program Files (x86)\Java\jdk1.8.0_122\jre\lib\jfr.jar;C:\Program Files (x86)\Java\jdk1.8.0_122\jre\classes"/>
    <property name="user.script" value=""/>
    <property name="sun.management.compiler" value="HotSpot Client Compiler"/>
    <property name="java.runtime.version" value="1.8.0_122-ea-b04"/>
    <property name="user.name" value="Terry"/>
    <property name="path.separator" value=";"/>
    <property name="os.version" value="10.0"/>
    <property name="java.endorsed.dirs" value="C:\Program Files (x86)\Java\jdk1.8.0_122\jre\lib\endorsed"/>
    <property name="java.runtime.name" value="Java(TM) SE Runtime Environment"/>
    <property name="file.encoding" value="GBK"/>
    <property name="java.vm.name" value="Java HotSpot(TM) Client VM"/>
    <property name="localRepository" value="D:\maven_repository"/>
    <property name="java.vendor.url.bug" value="http://bugreport.sun.com/bugreport/"/>
    <property name="java.io.tmpdir" value="C:\Users\Terry\AppData\Local\Temp\"/>
    <property name="idea.version" value="2021.3"/>
    <property name="java.version" value="1.8.0_122-ea"/>
    <property name="user.dir" value="D:\maven_test\javase_test05"/>
    <property name="os.arch" value="x86"/>
    <property name="java.vm.specification.name" value="Java Virtual Machine Specification"/>
    <property name="java.awt.printerjob" value="sun.awt.windows.WPrinterJob"/>
    <property name="sun.os.patch.level" value=""/>
    <property name="java.library.path" value="C:\Program Files (x86)\Java\jdk1.8.0_122\jre\bin;C:\Windows\Sun\Java\bin;C:\Windows\system32;C:\Windows;C:\ProgramData\Oracle\Java\javapath;C:\Windows\system32;C:\Windows;C:\Windows\System32\Wbem;C:\Windows\System32\WindowsPowerShell\v1.0\;C:\Windows\System32\OpenSSH\;C:\Program Files (x86)\NVIDIA Corporation\PhysX\Common;C:\Program Files\NVIDIA Corporation\NVIDIA NvDLISR;D:\tools\maven\bin;C:\Program Files (x86)\Java\jdk1.8.0_122\bin;C:\Program Files\Wireshark;C:\Program Files\JetBrains\PyCharm 2021.2.1\bin;D:\tools\allure-2.13.0\bin;D:\tools\Git\cmd;D:\tools\mysql-5.7.35-winx64\bin;D:\tools\webdriver\chromedriver;C:\Program Files\TortoiseHg\;C:\Program Files\nodejs\;C:\Users\Terry\AppData\Local\Programs\Python\Python37\Scripts\;C:\Users\Terry\AppData\Local\Programs\Python\Python37\;C:\Users\Terry\AppData\Local\Microsoft\WindowsApps;C:\Program Files\JetBrains\PyCharm 2021.2.1\bin;;D:\tools\mysql-5.7.35-winx64\bin;C:\Users\Terry\AppData\Roaming\npm;C:\Program Files\JetBrains\IntelliJ IDEA 2021.3\bin;;."/>
    <property name="java.vm.info" value="mixed mode, sharing"/>
    <property name="java.vendor" value="Oracle Corporation"/>
    <property name="java.vm.version" value="25.122-b04"/>
    <property name="java.ext.dirs" value="C:\Program Files (x86)\Java\jdk1.8.0_122\jre\lib\ext;C:\Windows\Sun\Java\lib\ext"/>
    <property name="sun.io.unicode.encoding" value="UnicodeLittle"/>
    <property name="java.class.version" value="52.0"/>
  </properties>
  <testcase name="shouldAnswerWithTrue" classname="com.ale.AppTest" time="0.001"/>
</testsuite>